<?xml version="1.0" encoding="UTF-8"?>
<testsuites name="jest tests" tests="4" failures="0" errors="0" time="0.293">
  <testsuite name="プロダクションバグ検証: Cannot convert undefined or null to object" errors="0" failures="0" skipped="0" timestamp="2025-09-01T08:34:02" time="0.142" tests="4">
    <testcase classname="プロダクションバグ検証: Cannot convert undefined or null to object getHeadersCached が空オブジェクトを返す場合のエラー再現" name="プロダクションバグ検証: Cannot convert undefined or null to object getHeadersCached が空オブジェクトを返す場合のエラー再現" time="0.016">
    </testcase>
    <testcase classname="プロダクションバグ検証: Cannot convert undefined or null to object 修正版: 安全なヘッダーインデックスチェック" name="プロダクションバグ検証: Cannot convert undefined or null to object 修正版: 安全なヘッダーインデックスチェック" time="0.004">
    </testcase>
    <testcase classname="プロダクションバグ検証: Cannot convert undefined or null to object connectDataSource エラーハンドリング強化の検証" name="プロダクションバグ検証: Cannot convert undefined or null to object connectDataSource エラーハンドリング強化の検証" time="0.004">
    </testcase>
    <testcase classname="プロダクションバグ検証: Cannot convert undefined or null to object プロダクション修正コードの動作検証" name="プロダクションバグ検証: Cannot convert undefined or null to object プロダクション修正コードの動作検証" time="0.002">
    </testcase>
  </testsuite>
</testsuites>